Gramática

    0 $accept: programa $end

    1 $@1: %empty

    2 programa: $@1 PRINCIPAL bloque

    3 $@2: %empty

    4 bloque: INICIOBLOQUE $@2 declar_variables_locales declar_subprogs sentencias FINBLOQUE

    5 $@3: %empty

    6 declar_variables_locales: VAR $@3 variables_locales PUNTOYCOMA
    7                         | %empty

    8 variables_locales: variables_locales cuerpo_declar_variables
    9                  | cuerpo_declar_variables

   10 cuerpo_declar_variables: tipo lista_variables PUNTOYCOMA
   11                        | error

   12 lista_variables: variable COMA lista_variables
   13                | variable error lista_variables
   14                | variable

   15 variable: IDENT

   16 declar_subprogs: declar_subprogs declar_subprog
   17                | %empty

   18 $@4: %empty

   19 $@5: %empty

   20 declar_subprog: $@4 cabecera_subprograma $@5 INICIO sentencias FIN PUNTOYCOMA

   21 $@6: %empty

   22 $@7: %empty

   23 cabecera_subprograma: PROCEDIMIENTO IDENT $@6 PARIZQ lista_parametros PARDER $@7 PUNTOYCOMA
   24                     | PROCEDIMIENTO IDENT PUNTOYCOMA

   25 lista_parametros: parametro PUNTOYCOMA lista_parametros
   26                 | parametro error PUNTOYCOMA lista_parametros
   27                 | parametro

   28 parametro: lista_variables DOSP tipo

   29 $@8: %empty

   30 sentencias: $@8 sentencia sentencias
   31           | %empty

   32 $@9: %empty

   33 sentencia: $@9 bloque
   34          | asignacion

   35 $@10: %empty

   36 $@11: %empty

   37 sentencia: $@10 si PUNTOYCOMA $@11

   38 $@12: %empty

   39 sentencia: $@12 mientras

   40 $@13: %empty

   41 sentencia: $@13 entrada PUNTOYCOMA

   42 $@14: %empty

   43 sentencia: $@14 salida PUNTOYCOMA

   44 $@15: %empty

   45 sentencia: $@15 for
   46          | llamada_funcion
   47          | variable AVANRETR PUNTOYCOMA
   48          | DOLAR variable PUNTOYCOMA

   49 asignacion: variable ASIGNACION expresion PUNTOYCOMA

   50 si: SI PARIZQ expresion PARDER ENTONCES sentencia

   51 @16: %empty

   52 $@17: %empty

   53 si: SI PARIZQ expresion PARDER ENTONCES sentencia @16 SINO $@17 sentencia

   54 $@18: %empty

   55 mientras: MIENTRAS PARIZQ expresion PARDER $@18 sentencia PUNTOYCOMA

   56 entrada: LEER lista_variables

   57 salida: ESCRIBIR lista_expresiones_cad

   58 $@19: %empty

   59 $@20: %empty

   60 for: PARA variable DOSP ASIGNACION expresion HASTA expresion HACER INICIO $@19 sentencia $@20 FIN PUNTOYCOMA

   61 expresion: PARIZQ expresion PARDER
   62          | OPUNARIO expresion
   63          | SUMRES expresion
   64          | expresion OPBINARIO expresion
   65          | expresion OPOR expresion
   66          | expresion OPRELACIONAL expresion
   67          | expresion SUMRES expresion
   68          | expresion OPAND expresion
   69          | expresion OPBINLISTA expresion
   70          | expresion ARROBA expresion
   71          | expresion ARROBA expresion MASMAS expresion
   72          | variable
   73          | constante
   74          | CORIZQ agregado CORDER
   75          | error

   76 lista_expresiones: expresion COMA lista_expresiones
   77                  | expresion

   78 lista_expresiones_cad: exp_cad COMA lista_expresiones_cad
   79                      | exp_cad

   80 exp_cad: expresion
   81        | CONSTCADENA

   82 constante: CONSTENTERA
   83          | CONSTLOGICA
   84          | CONSTREAL
   85          | CONSTCARACTER

   86 $@21: %empty

   87 llamada_funcion: IDENT PARIZQ $@21 lista_expresiones PARDER PUNTOYCOMA
   88                | IDENT PARIZQ PARDER PUNTOYCOMA

   89 agregado: agregado_enteros
   90         | agregado_reales
   91         | agregado_caracteres
   92         | agregado_booleanos
   93         | agregado_cadenas

   94 agregado_enteros: agregado_enteros COMA CONSTENTERA
   95                 | CONSTENTERA

   96 agregado_reales: agregado_reales COMA CONSTREAL
   97                | CONSTREAL

   98 agregado_caracteres: agregado_caracteres COMA CONSTCARACTER
   99                    | CONSTCARACTER

  100 agregado_booleanos: agregado_booleanos COMA CONSTLOGICA
  101                   | CONSTLOGICA

  102 agregado_cadenas: agregado_cadenas COMA CONSTCADENA
  103                 | CONSTCADENA

  104 tipo: LISTA TIPOBASICO
  105     | TIPOBASICO
  106     | error


Terminales con las reglas donde aparecen

    $end (0) 0
    error (256) 11 13 26 75 106
    OPOR (258) 65
    OPAND (259) 68
    OPRELACIONAL (260) 66
    SUMRES (261) 63 67
    OPBINARIO (262) 64
    OPUNARIO (263) 62
    OPBINLISTA (264) 69
    ARROBA (265) 70 71
    MASMAS (266) 71
    ASIGNACION (267) 49 60
    CORIZQ (268) 74
    CORDER (269) 74
    TIPOBASICO (270) 104 105
    CONSTENTERA (271) 82 94 95
    CONSTLOGICA (272) 83 100 101
    CONSTREAL (273) 84 96 97
    CONSTCARACTER (274) 85 98 99
    CONSTCADENA (275) 81 102 103
    COMA (276) 12 76 78 94 96 98 100 102
    PARDER (277) 23 50 53 55 61 87 88
    PARIZQ (278) 23 50 53 55 61 87 88
    PUNTOYCOMA (279) 6 10 20 23 24 25 26 37 41 43 47 48 49 55 60 87 88
    INICIOBLOQUE (280) 4
    FINBLOQUE (281) 4
    VAR (282) 6
    SI (283) 50 53
    SINO (284) 53
    MIENTRAS (285) 55
    LEER (286) 56
    ESCRIBIR (287) 57
    HASTA (288) 60
    PRINCIPAL (289) 2
    PROCEDIMIENTO (290) 23 24
    DOSP (291) 28 60
    INICIO (292) 20 60
    FIN (293) 20 60
    ENTONCES (294) 50 53
    PARA (295) 60
    HACER (296) 60
    AVANRETR (297) 47
    DOLAR (298) 48
    LISTA (299) 104
    IDENT (300) 15 23 24 87 88


No terminales con las reglas donde aparecen

    $accept (46)
        on left: 0
    programa (47)
        on left: 2
        on right: 0
    $@1 (48)
        on left: 1
        on right: 2
    bloque (49)
        on left: 4
        on right: 2 33
    $@2 (50)
        on left: 3
        on right: 4
    declar_variables_locales (51)
        on left: 6 7
        on right: 4
    $@3 (52)
        on left: 5
        on right: 6
    variables_locales (53)
        on left: 8 9
        on right: 6 8
    cuerpo_declar_variables (54)
        on left: 10 11
        on right: 8 9
    lista_variables (55)
        on left: 12 13 14
        on right: 10 12 13 28 56
    variable (56)
        on left: 15
        on right: 12 13 14 47 48 49 60 72
    declar_subprogs (57)
        on left: 16 17
        on right: 4 16
    declar_subprog (58)
        on left: 20
        on right: 16
    $@4 (59)
        on left: 18
        on right: 20
    $@5 (60)
        on left: 19
        on right: 20
    cabecera_subprograma (61)
        on left: 23 24
        on right: 20
    $@6 (62)
        on left: 21
        on right: 23
    $@7 (63)
        on left: 22
        on right: 23
    lista_parametros (64)
        on left: 25 26 27
        on right: 23 25 26
    parametro (65)
        on left: 28
        on right: 25 26 27
    sentencias (66)
        on left: 30 31
        on right: 4 20 30
    $@8 (67)
        on left: 29
        on right: 30
    sentencia (68)
        on left: 33 34 37 39 41 43 45 46 47 48
        on right: 30 50 53 55 60
    $@9 (69)
        on left: 32
        on right: 33
    $@10 (70)
        on left: 35
        on right: 37
    $@11 (71)
        on left: 36
        on right: 37
    $@12 (72)
        on left: 38
        on right: 39
    $@13 (73)
        on left: 40
        on right: 41
    $@14 (74)
        on left: 42
        on right: 43
    $@15 (75)
        on left: 44
        on right: 45
    asignacion (76)
        on left: 49
        on right: 34
    si (77)
        on left: 50 53
        on right: 37
    @16 (78)
        on left: 51
        on right: 53
    $@17 (79)
        on left: 52
        on right: 53
    mientras (80)
        on left: 55
        on right: 39
    $@18 (81)
        on left: 54
        on right: 55
    entrada (82)
        on left: 56
        on right: 41
    salida (83)
        on left: 57
        on right: 43
    for (84)
        on left: 60
        on right: 45
    $@19 (85)
        on left: 58
        on right: 60
    $@20 (86)
        on left: 59
        on right: 60
    expresion (87)
        on left: 61 62 63 64 65 66 67 68 69 70 71 72 73 74 75
        on right: 49 50 53 55 60 61 62 63 64 65 66 67 68 69 70 71 76 77 80
    lista_expresiones (88)
        on left: 76 77
        on right: 76 87
    lista_expresiones_cad (89)
        on left: 78 79
        on right: 57 78
    exp_cad (90)
        on left: 80 81
        on right: 78 79
    constante (91)
        on left: 82 83 84 85
        on right: 73
    llamada_funcion (92)
        on left: 87 88
        on right: 46
    $@21 (93)
        on left: 86
        on right: 87
    agregado (94)
        on left: 89 90 91 92 93
        on right: 74
    agregado_enteros (95)
        on left: 94 95
        on right: 89 94
    agregado_reales (96)
        on left: 96 97
        on right: 90 96
    agregado_caracteres (97)
        on left: 98 99
        on right: 91 98
    agregado_booleanos (98)
        on left: 100 101
        on right: 92 100
    agregado_cadenas (99)
        on left: 102 103
        on right: 93 102
    tipo (100)
        on left: 104 105 106
        on right: 10 28


Estado 0

    0 $accept: . programa $end

    $default  reduce usando la regla 1 ($@1)

    programa  ir al estado 1
    $@1       ir al estado 2


Estado 1

    0 $accept: programa . $end

    $end  desplazar e ir al estado 3


Estado 2

    2 programa: $@1 . PRINCIPAL bloque

    PRINCIPAL  desplazar e ir al estado 4


Estado 3

    0 $accept: programa $end .

    $default  aceptar


Estado 4

    2 programa: $@1 PRINCIPAL . bloque

    INICIOBLOQUE  desplazar e ir al estado 5

    bloque  ir al estado 6


Estado 5

    4 bloque: INICIOBLOQUE . $@2 declar_variables_locales declar_subprogs sentencias FINBLOQUE

    $default  reduce usando la regla 3 ($@2)

    $@2  ir al estado 7


Estado 6

    2 programa: $@1 PRINCIPAL bloque .

    $default  reduce usando la regla 2 (programa)


Estado 7

    4 bloque: INICIOBLOQUE $@2 . declar_variables_locales declar_subprogs sentencias FINBLOQUE

    VAR  desplazar e ir al estado 8

    $default  reduce usando la regla 7 (declar_variables_locales)

    declar_variables_locales  ir al estado 9


Estado 8

    6 declar_variables_locales: VAR . $@3 variables_locales PUNTOYCOMA

    $default  reduce usando la regla 5 ($@3)

    $@3  ir al estado 10


Estado 9

    4 bloque: INICIOBLOQUE $@2 declar_variables_locales . declar_subprogs sentencias FINBLOQUE

    $default  reduce usando la regla 17 (declar_subprogs)

    declar_subprogs  ir al estado 11


Estado 10

    6 declar_variables_locales: VAR $@3 . variables_locales PUNTOYCOMA

    error       desplazar e ir al estado 12
    TIPOBASICO  desplazar e ir al estado 13
    LISTA       desplazar e ir al estado 14

    variables_locales        ir al estado 15
    cuerpo_declar_variables  ir al estado 16
    tipo                     ir al estado 17


Estado 11

    4 bloque: INICIOBLOQUE $@2 declar_variables_locales declar_subprogs . sentencias FINBLOQUE
   16 declar_subprogs: declar_subprogs . declar_subprog

    FINBLOQUE      reduce usando la regla 31 (sentencias)
    PROCEDIMIENTO  reduce usando la regla 18 ($@4)
    $default       reduce usando la regla 29 ($@8)

    declar_subprog  ir al estado 18
    $@4             ir al estado 19
    sentencias      ir al estado 20
    $@8             ir al estado 21


Estado 12

   11 cuerpo_declar_variables: error .
  106 tipo: error .

    IDENT     reduce usando la regla 106 (tipo)
    $default  reduce usando la regla 11 (cuerpo_declar_variables)


Estado 13

  105 tipo: TIPOBASICO .

    $default  reduce usando la regla 105 (tipo)


Estado 14

  104 tipo: LISTA . TIPOBASICO

    TIPOBASICO  desplazar e ir al estado 22


Estado 15

    6 declar_variables_locales: VAR $@3 variables_locales . PUNTOYCOMA
    8 variables_locales: variables_locales . cuerpo_declar_variables

    error       desplazar e ir al estado 12
    TIPOBASICO  desplazar e ir al estado 13
    PUNTOYCOMA  desplazar e ir al estado 23
    LISTA       desplazar e ir al estado 14

    cuerpo_declar_variables  ir al estado 24
    tipo                     ir al estado 17


Estado 16

    9 variables_locales: cuerpo_declar_variables .

    $default  reduce usando la regla 9 (variables_locales)


Estado 17

   10 cuerpo_declar_variables: tipo . lista_variables PUNTOYCOMA

    IDENT  desplazar e ir al estado 25

    lista_variables  ir al estado 26
    variable         ir al estado 27


Estado 18

   16 declar_subprogs: declar_subprogs declar_subprog .

    $default  reduce usando la regla 16 (declar_subprogs)


Estado 19

   20 declar_subprog: $@4 . cabecera_subprograma $@5 INICIO sentencias FIN PUNTOYCOMA

    PROCEDIMIENTO  desplazar e ir al estado 28

    cabecera_subprograma  ir al estado 29


Estado 20

    4 bloque: INICIOBLOQUE $@2 declar_variables_locales declar_subprogs sentencias . FINBLOQUE

    FINBLOQUE  desplazar e ir al estado 30


Estado 21

   30 sentencias: $@8 . sentencia sentencias

    DOLAR  desplazar e ir al estado 31
    IDENT  desplazar e ir al estado 32

    SI        reduce usando la regla 35 ($@10)
    MIENTRAS  reduce usando la regla 38 ($@12)
    LEER      reduce usando la regla 40 ($@13)
    ESCRIBIR  reduce usando la regla 42 ($@14)
    PARA      reduce usando la regla 44 ($@15)
    $default  reduce usando la regla 32 ($@9)

    variable         ir al estado 33
    sentencia        ir al estado 34
    $@9              ir al estado 35
    $@10             ir al estado 36
    $@12             ir al estado 37
    $@13             ir al estado 38
    $@14             ir al estado 39
    $@15             ir al estado 40
    asignacion       ir al estado 41
    llamada_funcion  ir al estado 42


Estado 22

  104 tipo: LISTA TIPOBASICO .

    $default  reduce usando la regla 104 (tipo)


Estado 23

    6 declar_variables_locales: VAR $@3 variables_locales PUNTOYCOMA .

    $default  reduce usando la regla 6 (declar_variables_locales)


Estado 24

    8 variables_locales: variables_locales cuerpo_declar_variables .

    $default  reduce usando la regla 8 (variables_locales)


Estado 25

   15 variable: IDENT .

    $default  reduce usando la regla 15 (variable)


Estado 26

   10 cuerpo_declar_variables: tipo lista_variables . PUNTOYCOMA

    PUNTOYCOMA  desplazar e ir al estado 43


Estado 27

   12 lista_variables: variable . COMA lista_variables
   13                | variable . error lista_variables
   14                | variable .

    error  desplazar e ir al estado 44
    COMA   desplazar e ir al estado 45

    PUNTOYCOMA  reduce usando la regla 14 (lista_variables)
    DOSP        reduce usando la regla 14 (lista_variables)


Estado 28

   23 cabecera_subprograma: PROCEDIMIENTO . IDENT $@6 PARIZQ lista_parametros PARDER $@7 PUNTOYCOMA
   24                     | PROCEDIMIENTO . IDENT PUNTOYCOMA

    IDENT  desplazar e ir al estado 46


Estado 29

   20 declar_subprog: $@4 cabecera_subprograma . $@5 INICIO sentencias FIN PUNTOYCOMA

    $default  reduce usando la regla 19 ($@5)

    $@5  ir al estado 47


Estado 30

    4 bloque: INICIOBLOQUE $@2 declar_variables_locales declar_subprogs sentencias FINBLOQUE .

    $default  reduce usando la regla 4 (bloque)


Estado 31

   48 sentencia: DOLAR . variable PUNTOYCOMA

    IDENT  desplazar e ir al estado 25

    variable  ir al estado 48


Estado 32

   15 variable: IDENT .
   87 llamada_funcion: IDENT . PARIZQ $@21 lista_expresiones PARDER PUNTOYCOMA
   88                | IDENT . PARIZQ PARDER PUNTOYCOMA

    PARIZQ  desplazar e ir al estado 49

    $default  reduce usando la regla 15 (variable)


Estado 33

   47 sentencia: variable . AVANRETR PUNTOYCOMA
   49 asignacion: variable . ASIGNACION expresion PUNTOYCOMA

    ASIGNACION  desplazar e ir al estado 50
    AVANRETR    desplazar e ir al estado 51


Estado 34

   30 sentencias: $@8 sentencia . sentencias

    FINBLOQUE  reduce usando la regla 31 (sentencias)
    FIN        reduce usando la regla 31 (sentencias)
    $default   reduce usando la regla 29 ($@8)

    sentencias  ir al estado 52
    $@8         ir al estado 21


Estado 35

   33 sentencia: $@9 . bloque

    INICIOBLOQUE  desplazar e ir al estado 5

    bloque  ir al estado 53


Estado 36

   37 sentencia: $@10 . si PUNTOYCOMA $@11

    SI  desplazar e ir al estado 54

    si  ir al estado 55


Estado 37

   39 sentencia: $@12 . mientras

    MIENTRAS  desplazar e ir al estado 56

    mientras  ir al estado 57


Estado 38

   41 sentencia: $@13 . entrada PUNTOYCOMA

    LEER  desplazar e ir al estado 58

    entrada  ir al estado 59


Estado 39

   43 sentencia: $@14 . salida PUNTOYCOMA

    ESCRIBIR  desplazar e ir al estado 60

    salida  ir al estado 61


Estado 40

   45 sentencia: $@15 . for

    PARA  desplazar e ir al estado 62

    for  ir al estado 63


Estado 41

   34 sentencia: asignacion .

    $default  reduce usando la regla 34 (sentencia)


Estado 42

   46 sentencia: llamada_funcion .

    $default  reduce usando la regla 46 (sentencia)


Estado 43

   10 cuerpo_declar_variables: tipo lista_variables PUNTOYCOMA .

    $default  reduce usando la regla 10 (cuerpo_declar_variables)


Estado 44

   13 lista_variables: variable error . lista_variables

    IDENT  desplazar e ir al estado 25

    lista_variables  ir al estado 64
    variable         ir al estado 27


Estado 45

   12 lista_variables: variable COMA . lista_variables

    IDENT  desplazar e ir al estado 25

    lista_variables  ir al estado 65
    variable         ir al estado 27


Estado 46

   23 cabecera_subprograma: PROCEDIMIENTO IDENT . $@6 PARIZQ lista_parametros PARDER $@7 PUNTOYCOMA
   24                     | PROCEDIMIENTO IDENT . PUNTOYCOMA

    PUNTOYCOMA  desplazar e ir al estado 66

    $default  reduce usando la regla 21 ($@6)

    $@6  ir al estado 67


Estado 47

   20 declar_subprog: $@4 cabecera_subprograma $@5 . INICIO sentencias FIN PUNTOYCOMA

    INICIO  desplazar e ir al estado 68


Estado 48

   48 sentencia: DOLAR variable . PUNTOYCOMA

    PUNTOYCOMA  desplazar e ir al estado 69


Estado 49

   87 llamada_funcion: IDENT PARIZQ . $@21 lista_expresiones PARDER PUNTOYCOMA
   88                | IDENT PARIZQ . PARDER PUNTOYCOMA

    PARDER  desplazar e ir al estado 70

    $default  reduce usando la regla 86 ($@21)

    $@21  ir al estado 71


Estado 50

   49 asignacion: variable ASIGNACION . expresion PUNTOYCOMA

    error          desplazar e ir al estado 72
    SUMRES         desplazar e ir al estado 73
    OPUNARIO       desplazar e ir al estado 74
    CORIZQ         desplazar e ir al estado 75
    CONSTENTERA    desplazar e ir al estado 76
    CONSTLOGICA    desplazar e ir al estado 77
    CONSTREAL      desplazar e ir al estado 78
    CONSTCARACTER  desplazar e ir al estado 79
    PARIZQ         desplazar e ir al estado 80
    IDENT          desplazar e ir al estado 25

    variable   ir al estado 81
    expresion  ir al estado 82
    constante  ir al estado 83


Estado 51

   47 sentencia: variable AVANRETR . PUNTOYCOMA

    PUNTOYCOMA  desplazar e ir al estado 84


Estado 52

   30 sentencias: $@8 sentencia sentencias .

    $default  reduce usando la regla 30 (sentencias)


Estado 53

   33 sentencia: $@9 bloque .

    $default  reduce usando la regla 33 (sentencia)


Estado 54

   50 si: SI . PARIZQ expresion PARDER ENTONCES sentencia
   53   | SI . PARIZQ expresion PARDER ENTONCES sentencia @16 SINO $@17 sentencia

    PARIZQ  desplazar e ir al estado 85


Estado 55

   37 sentencia: $@10 si . PUNTOYCOMA $@11

    PUNTOYCOMA  desplazar e ir al estado 86


Estado 56

   55 mientras: MIENTRAS . PARIZQ expresion PARDER $@18 sentencia PUNTOYCOMA

    PARIZQ  desplazar e ir al estado 87


Estado 57

   39 sentencia: $@12 mientras .

    $default  reduce usando la regla 39 (sentencia)


Estado 58

   56 entrada: LEER . lista_variables

    IDENT  desplazar e ir al estado 25

    lista_variables  ir al estado 88
    variable         ir al estado 27


Estado 59

   41 sentencia: $@13 entrada . PUNTOYCOMA

    PUNTOYCOMA  desplazar e ir al estado 89


Estado 60

   57 salida: ESCRIBIR . lista_expresiones_cad

    error          desplazar e ir al estado 72
    SUMRES         desplazar e ir al estado 73
    OPUNARIO       desplazar e ir al estado 74
    CORIZQ         desplazar e ir al estado 75
    CONSTENTERA    desplazar e ir al estado 76
    CONSTLOGICA    desplazar e ir al estado 77
    CONSTREAL      desplazar e ir al estado 78
    CONSTCARACTER  desplazar e ir al estado 79
    CONSTCADENA    desplazar e ir al estado 90
    PARIZQ         desplazar e ir al estado 80
    IDENT          desplazar e ir al estado 25

    variable               ir al estado 81
    expresion              ir al estado 91
    lista_expresiones_cad  ir al estado 92
    exp_cad                ir al estado 93
    constante              ir al estado 83


Estado 61

   43 sentencia: $@14 salida . PUNTOYCOMA

    PUNTOYCOMA  desplazar e ir al estado 94


Estado 62

   60 for: PARA . variable DOSP ASIGNACION expresion HASTA expresion HACER INICIO $@19 sentencia $@20 FIN PUNTOYCOMA

    IDENT  desplazar e ir al estado 25

    variable  ir al estado 95


Estado 63

   45 sentencia: $@15 for .

    $default  reduce usando la regla 45 (sentencia)


Estado 64

   13 lista_variables: variable error lista_variables .

    $default  reduce usando la regla 13 (lista_variables)


Estado 65

   12 lista_variables: variable COMA lista_variables .

    $default  reduce usando la regla 12 (lista_variables)


Estado 66

   24 cabecera_subprograma: PROCEDIMIENTO IDENT PUNTOYCOMA .

    $default  reduce usando la regla 24 (cabecera_subprograma)


Estado 67

   23 cabecera_subprograma: PROCEDIMIENTO IDENT $@6 . PARIZQ lista_parametros PARDER $@7 PUNTOYCOMA

    PARIZQ  desplazar e ir al estado 96


Estado 68

   20 declar_subprog: $@4 cabecera_subprograma $@5 INICIO . sentencias FIN PUNTOYCOMA

    FIN       reduce usando la regla 31 (sentencias)
    $default  reduce usando la regla 29 ($@8)

    sentencias  ir al estado 97
    $@8         ir al estado 21


Estado 69

   48 sentencia: DOLAR variable PUNTOYCOMA .

    $default  reduce usando la regla 48 (sentencia)


Estado 70

   88 llamada_funcion: IDENT PARIZQ PARDER . PUNTOYCOMA

    PUNTOYCOMA  desplazar e ir al estado 98


Estado 71

   87 llamada_funcion: IDENT PARIZQ $@21 . lista_expresiones PARDER PUNTOYCOMA

    error          desplazar e ir al estado 72
    SUMRES         desplazar e ir al estado 73
    OPUNARIO       desplazar e ir al estado 74
    CORIZQ         desplazar e ir al estado 75
    CONSTENTERA    desplazar e ir al estado 76
    CONSTLOGICA    desplazar e ir al estado 77
    CONSTREAL      desplazar e ir al estado 78
    CONSTCARACTER  desplazar e ir al estado 79
    PARIZQ         desplazar e ir al estado 80
    IDENT          desplazar e ir al estado 25

    variable           ir al estado 81
    expresion          ir al estado 99
    lista_expresiones  ir al estado 100
    constante          ir al estado 83


Estado 72

   75 expresion: error .

    $default  reduce usando la regla 75 (expresion)


Estado 73

   63 expresion: SUMRES . expresion

    error          desplazar e ir al estado 72
    SUMRES         desplazar e ir al estado 73
    OPUNARIO       desplazar e ir al estado 74
    CORIZQ         desplazar e ir al estado 75
    CONSTENTERA    desplazar e ir al estado 76
    CONSTLOGICA    desplazar e ir al estado 77
    CONSTREAL      desplazar e ir al estado 78
    CONSTCARACTER  desplazar e ir al estado 79
    PARIZQ         desplazar e ir al estado 80
    IDENT          desplazar e ir al estado 25

    variable   ir al estado 81
    expresion  ir al estado 101
    constante  ir al estado 83


Estado 74

   62 expresion: OPUNARIO . expresion

    error          desplazar e ir al estado 72
    SUMRES         desplazar e ir al estado 73
    OPUNARIO       desplazar e ir al estado 74
    CORIZQ         desplazar e ir al estado 75
    CONSTENTERA    desplazar e ir al estado 76
    CONSTLOGICA    desplazar e ir al estado 77
    CONSTREAL      desplazar e ir al estado 78
    CONSTCARACTER  desplazar e ir al estado 79
    PARIZQ         desplazar e ir al estado 80
    IDENT          desplazar e ir al estado 25

    variable   ir al estado 81
    expresion  ir al estado 102
    constante  ir al estado 83


Estado 75

   74 expresion: CORIZQ . agregado CORDER

    CONSTENTERA    desplazar e ir al estado 103
    CONSTLOGICA    desplazar e ir al estado 104
    CONSTREAL      desplazar e ir al estado 105
    CONSTCARACTER  desplazar e ir al estado 106
    CONSTCADENA    desplazar e ir al estado 107

    agregado             ir al estado 108
    agregado_enteros     ir al estado 109
    agregado_reales      ir al estado 110
    agregado_caracteres  ir al estado 111
    agregado_booleanos   ir al estado 112
    agregado_cadenas     ir al estado 113


Estado 76

   82 constante: CONSTENTERA .

    $default  reduce usando la regla 82 (constante)


Estado 77

   83 constante: CONSTLOGICA .

    $default  reduce usando la regla 83 (constante)


Estado 78

   84 constante: CONSTREAL .

    $default  reduce usando la regla 84 (constante)


Estado 79

   85 constante: CONSTCARACTER .

    $default  reduce usando la regla 85 (constante)


Estado 80

   61 expresion: PARIZQ . expresion PARDER

    error          desplazar e ir al estado 72
    SUMRES         desplazar e ir al estado 73
    OPUNARIO       desplazar e ir al estado 74
    CORIZQ         desplazar e ir al estado 75
    CONSTENTERA    desplazar e ir al estado 76
    CONSTLOGICA    desplazar e ir al estado 77
    CONSTREAL      desplazar e ir al estado 78
    CONSTCARACTER  desplazar e ir al estado 79
    PARIZQ         desplazar e ir al estado 80
    IDENT          desplazar e ir al estado 25

    variable   ir al estado 81
    expresion  ir al estado 114
    constante  ir al estado 83


Estado 81

   72 expresion: variable .

    $default  reduce usando la regla 72 (expresion)


Estado 82

   49 asignacion: variable ASIGNACION expresion . PUNTOYCOMA
   64 expresion: expresion . OPBINARIO expresion
   65          | expresion . OPOR expresion
   66          | expresion . OPRELACIONAL expresion
   67          | expresion . SUMRES expresion
   68          | expresion . OPAND expresion
   69          | expresion . OPBINLISTA expresion
   70          | expresion . ARROBA expresion
   71          | expresion . ARROBA expresion MASMAS expresion

    OPOR          desplazar e ir al estado 115
    OPAND         desplazar e ir al estado 116
    OPRELACIONAL  desplazar e ir al estado 117
    SUMRES        desplazar e ir al estado 118
    OPBINARIO     desplazar e ir al estado 119
    OPBINLISTA    desplazar e ir al estado 120
    ARROBA        desplazar e ir al estado 121
    PUNTOYCOMA    desplazar e ir al estado 122


Estado 83

   73 expresion: constante .

    $default  reduce usando la regla 73 (expresion)


Estado 84

   47 sentencia: variable AVANRETR PUNTOYCOMA .

    $default  reduce usando la regla 47 (sentencia)


Estado 85

   50 si: SI PARIZQ . expresion PARDER ENTONCES sentencia
   53   | SI PARIZQ . expresion PARDER ENTONCES sentencia @16 SINO $@17 sentencia

    error          desplazar e ir al estado 72
    SUMRES         desplazar e ir al estado 73
    OPUNARIO       desplazar e ir al estado 74
    CORIZQ         desplazar e ir al estado 75
    CONSTENTERA    desplazar e ir al estado 76
    CONSTLOGICA    desplazar e ir al estado 77
    CONSTREAL      desplazar e ir al estado 78
    CONSTCARACTER  desplazar e ir al estado 79
    PARIZQ         desplazar e ir al estado 80
    IDENT          desplazar e ir al estado 25

    variable   ir al estado 81
    expresion  ir al estado 123
    constante  ir al estado 83


Estado 86

   37 sentencia: $@10 si PUNTOYCOMA . $@11

    $default  reduce usando la regla 36 ($@11)

    $@11  ir al estado 124


Estado 87

   55 mientras: MIENTRAS PARIZQ . expresion PARDER $@18 sentencia PUNTOYCOMA

    error          desplazar e ir al estado 72
    SUMRES         desplazar e ir al estado 73
    OPUNARIO       desplazar e ir al estado 74
    CORIZQ         desplazar e ir al estado 75
    CONSTENTERA    desplazar e ir al estado 76
    CONSTLOGICA    desplazar e ir al estado 77
    CONSTREAL      desplazar e ir al estado 78
    CONSTCARACTER  desplazar e ir al estado 79
    PARIZQ         desplazar e ir al estado 80
    IDENT          desplazar e ir al estado 25

    variable   ir al estado 81
    expresion  ir al estado 125
    constante  ir al estado 83


Estado 88

   56 entrada: LEER lista_variables .

    $default  reduce usando la regla 56 (entrada)


Estado 89

   41 sentencia: $@13 entrada PUNTOYCOMA .

    $default  reduce usando la regla 41 (sentencia)


Estado 90

   81 exp_cad: CONSTCADENA .

    $default  reduce usando la regla 81 (exp_cad)


Estado 91

   64 expresion: expresion . OPBINARIO expresion
   65          | expresion . OPOR expresion
   66          | expresion . OPRELACIONAL expresion
   67          | expresion . SUMRES expresion
   68          | expresion . OPAND expresion
   69          | expresion . OPBINLISTA expresion
   70          | expresion . ARROBA expresion
   71          | expresion . ARROBA expresion MASMAS expresion
   80 exp_cad: expresion .

    OPOR          desplazar e ir al estado 115
    OPAND         desplazar e ir al estado 116
    OPRELACIONAL  desplazar e ir al estado 117
    SUMRES        desplazar e ir al estado 118
    OPBINARIO     desplazar e ir al estado 119
    OPBINLISTA    desplazar e ir al estado 120
    ARROBA        desplazar e ir al estado 121

    $default  reduce usando la regla 80 (exp_cad)


Estado 92

   57 salida: ESCRIBIR lista_expresiones_cad .

    $default  reduce usando la regla 57 (salida)


Estado 93

   78 lista_expresiones_cad: exp_cad . COMA lista_expresiones_cad
   79                      | exp_cad .

    COMA  desplazar e ir al estado 126

    $default  reduce usando la regla 79 (lista_expresiones_cad)


Estado 94

   43 sentencia: $@14 salida PUNTOYCOMA .

    $default  reduce usando la regla 43 (sentencia)


Estado 95

   60 for: PARA variable . DOSP ASIGNACION expresion HASTA expresion HACER INICIO $@19 sentencia $@20 FIN PUNTOYCOMA

    DOSP  desplazar e ir al estado 127


Estado 96

   23 cabecera_subprograma: PROCEDIMIENTO IDENT $@6 PARIZQ . lista_parametros PARDER $@7 PUNTOYCOMA

    IDENT  desplazar e ir al estado 25

    lista_variables   ir al estado 128
    variable          ir al estado 27
    lista_parametros  ir al estado 129
    parametro         ir al estado 130


Estado 97

   20 declar_subprog: $@4 cabecera_subprograma $@5 INICIO sentencias . FIN PUNTOYCOMA

    FIN  desplazar e ir al estado 131


Estado 98

   88 llamada_funcion: IDENT PARIZQ PARDER PUNTOYCOMA .

    $default  reduce usando la regla 88 (llamada_funcion)


Estado 99

   64 expresion: expresion . OPBINARIO expresion
   65          | expresion . OPOR expresion
   66          | expresion . OPRELACIONAL expresion
   67          | expresion . SUMRES expresion
   68          | expresion . OPAND expresion
   69          | expresion . OPBINLISTA expresion
   70          | expresion . ARROBA expresion
   71          | expresion . ARROBA expresion MASMAS expresion
   76 lista_expresiones: expresion . COMA lista_expresiones
   77                  | expresion .

    OPOR          desplazar e ir al estado 115
    OPAND         desplazar e ir al estado 116
    OPRELACIONAL  desplazar e ir al estado 117
    SUMRES        desplazar e ir al estado 118
    OPBINARIO     desplazar e ir al estado 119
    OPBINLISTA    desplazar e ir al estado 120
    ARROBA        desplazar e ir al estado 121
    COMA          desplazar e ir al estado 132

    $default  reduce usando la regla 77 (lista_expresiones)


Estado 100

   87 llamada_funcion: IDENT PARIZQ $@21 lista_expresiones . PARDER PUNTOYCOMA

    PARDER  desplazar e ir al estado 133


Estado 101

   63 expresion: SUMRES expresion .
   64          | expresion . OPBINARIO expresion
   65          | expresion . OPOR expresion
   66          | expresion . OPRELACIONAL expresion
   67          | expresion . SUMRES expresion
   68          | expresion . OPAND expresion
   69          | expresion . OPBINLISTA expresion
   70          | expresion . ARROBA expresion
   71          | expresion . ARROBA expresion MASMAS expresion

    OPBINLISTA  desplazar e ir al estado 120
    ARROBA      desplazar e ir al estado 121

    $default  reduce usando la regla 63 (expresion)


Estado 102

   62 expresion: OPUNARIO expresion .
   64          | expresion . OPBINARIO expresion
   65          | expresion . OPOR expresion
   66          | expresion . OPRELACIONAL expresion
   67          | expresion . SUMRES expresion
   68          | expresion . OPAND expresion
   69          | expresion . OPBINLISTA expresion
   70          | expresion . ARROBA expresion
   71          | expresion . ARROBA expresion MASMAS expresion

    OPBINLISTA  desplazar e ir al estado 120
    ARROBA      desplazar e ir al estado 121

    $default  reduce usando la regla 62 (expresion)


Estado 103

   95 agregado_enteros: CONSTENTERA .

    $default  reduce usando la regla 95 (agregado_enteros)


Estado 104

  101 agregado_booleanos: CONSTLOGICA .

    $default  reduce usando la regla 101 (agregado_booleanos)


Estado 105

   97 agregado_reales: CONSTREAL .

    $default  reduce usando la regla 97 (agregado_reales)


Estado 106

   99 agregado_caracteres: CONSTCARACTER .

    $default  reduce usando la regla 99 (agregado_caracteres)


Estado 107

  103 agregado_cadenas: CONSTCADENA .

    $default  reduce usando la regla 103 (agregado_cadenas)


Estado 108

   74 expresion: CORIZQ agregado . CORDER

    CORDER  desplazar e ir al estado 134


Estado 109

   89 agregado: agregado_enteros .
   94 agregado_enteros: agregado_enteros . COMA CONSTENTERA

    COMA  desplazar e ir al estado 135

    $default  reduce usando la regla 89 (agregado)


Estado 110

   90 agregado: agregado_reales .
   96 agregado_reales: agregado_reales . COMA CONSTREAL

    COMA  desplazar e ir al estado 136

    $default  reduce usando la regla 90 (agregado)


Estado 111

   91 agregado: agregado_caracteres .
   98 agregado_caracteres: agregado_caracteres . COMA CONSTCARACTER

    COMA  desplazar e ir al estado 137

    $default  reduce usando la regla 91 (agregado)


Estado 112

   92 agregado: agregado_booleanos .
  100 agregado_booleanos: agregado_booleanos . COMA CONSTLOGICA

    COMA  desplazar e ir al estado 138

    $default  reduce usando la regla 92 (agregado)


Estado 113

   93 agregado: agregado_cadenas .
  102 agregado_cadenas: agregado_cadenas . COMA CONSTCADENA

    COMA  desplazar e ir al estado 139

    $default  reduce usando la regla 93 (agregado)


Estado 114

   61 expresion: PARIZQ expresion . PARDER
   64          | expresion . OPBINARIO expresion
   65          | expresion . OPOR expresion
   66          | expresion . OPRELACIONAL expresion
   67          | expresion . SUMRES expresion
   68          | expresion . OPAND expresion
   69          | expresion . OPBINLISTA expresion
   70          | expresion . ARROBA expresion
   71          | expresion . ARROBA expresion MASMAS expresion

    OPOR          desplazar e ir al estado 115
    OPAND         desplazar e ir al estado 116
    OPRELACIONAL  desplazar e ir al estado 117
    SUMRES        desplazar e ir al estado 118
    OPBINARIO     desplazar e ir al estado 119
    OPBINLISTA    desplazar e ir al estado 120
    ARROBA        desplazar e ir al estado 121
    PARDER        desplazar e ir al estado 140


Estado 115

   65 expresion: expresion OPOR . expresion

    error          desplazar e ir al estado 72
    SUMRES         desplazar e ir al estado 73
    OPUNARIO       desplazar e ir al estado 74
    CORIZQ         desplazar e ir al estado 75
    CONSTENTERA    desplazar e ir al estado 76
    CONSTLOGICA    desplazar e ir al estado 77
    CONSTREAL      desplazar e ir al estado 78
    CONSTCARACTER  desplazar e ir al estado 79
    PARIZQ         desplazar e ir al estado 80
    IDENT          desplazar e ir al estado 25

    variable   ir al estado 81
    expresion  ir al estado 141
    constante  ir al estado 83


Estado 116

   68 expresion: expresion OPAND . expresion

    error          desplazar e ir al estado 72
    SUMRES         desplazar e ir al estado 73
    OPUNARIO       desplazar e ir al estado 74
    CORIZQ         desplazar e ir al estado 75
    CONSTENTERA    desplazar e ir al estado 76
    CONSTLOGICA    desplazar e ir al estado 77
    CONSTREAL      desplazar e ir al estado 78
    CONSTCARACTER  desplazar e ir al estado 79
    PARIZQ         desplazar e ir al estado 80
    IDENT          desplazar e ir al estado 25

    variable   ir al estado 81
    expresion  ir al estado 142
    constante  ir al estado 83


Estado 117

   66 expresion: expresion OPRELACIONAL . expresion

    error          desplazar e ir al estado 72
    SUMRES         desplazar e ir al estado 73
    OPUNARIO       desplazar e ir al estado 74
    CORIZQ         desplazar e ir al estado 75
    CONSTENTERA    desplazar e ir al estado 76
    CONSTLOGICA    desplazar e ir al estado 77
    CONSTREAL      desplazar e ir al estado 78
    CONSTCARACTER  desplazar e ir al estado 79
    PARIZQ         desplazar e ir al estado 80
    IDENT          desplazar e ir al estado 25

    variable   ir al estado 81
    expresion  ir al estado 143
    constante  ir al estado 83


Estado 118

   67 expresion: expresion SUMRES . expresion

    error          desplazar e ir al estado 72
    SUMRES         desplazar e ir al estado 73
    OPUNARIO       desplazar e ir al estado 74
    CORIZQ         desplazar e ir al estado 75
    CONSTENTERA    desplazar e ir al estado 76
    CONSTLOGICA    desplazar e ir al estado 77
    CONSTREAL      desplazar e ir al estado 78
    CONSTCARACTER  desplazar e ir al estado 79
    PARIZQ         desplazar e ir al estado 80
    IDENT          desplazar e ir al estado 25

    variable   ir al estado 81
    expresion  ir al estado 144
    constante  ir al estado 83


Estado 119

   64 expresion: expresion OPBINARIO . expresion

    error          desplazar e ir al estado 72
    SUMRES         desplazar e ir al estado 73
    OPUNARIO       desplazar e ir al estado 74
    CORIZQ         desplazar e ir al estado 75
    CONSTENTERA    desplazar e ir al estado 76
    CONSTLOGICA    desplazar e ir al estado 77
    CONSTREAL      desplazar e ir al estado 78
    CONSTCARACTER  desplazar e ir al estado 79
    PARIZQ         desplazar e ir al estado 80
    IDENT          desplazar e ir al estado 25

    variable   ir al estado 81
    expresion  ir al estado 145
    constante  ir al estado 83


Estado 120

   69 expresion: expresion OPBINLISTA . expresion

    error          desplazar e ir al estado 72
    SUMRES         desplazar e ir al estado 73
    OPUNARIO       desplazar e ir al estado 74
    CORIZQ         desplazar e ir al estado 75
    CONSTENTERA    desplazar e ir al estado 76
    CONSTLOGICA    desplazar e ir al estado 77
    CONSTREAL      desplazar e ir al estado 78
    CONSTCARACTER  desplazar e ir al estado 79
    PARIZQ         desplazar e ir al estado 80
    IDENT          desplazar e ir al estado 25

    variable   ir al estado 81
    expresion  ir al estado 146
    constante  ir al estado 83


Estado 121

   70 expresion: expresion ARROBA . expresion
   71          | expresion ARROBA . expresion MASMAS expresion

    error          desplazar e ir al estado 72
    SUMRES         desplazar e ir al estado 73
    OPUNARIO       desplazar e ir al estado 74
    CORIZQ         desplazar e ir al estado 75
    CONSTENTERA    desplazar e ir al estado 76
    CONSTLOGICA    desplazar e ir al estado 77
    CONSTREAL      desplazar e ir al estado 78
    CONSTCARACTER  desplazar e ir al estado 79
    PARIZQ         desplazar e ir al estado 80
    IDENT          desplazar e ir al estado 25

    variable   ir al estado 81
    expresion  ir al estado 147
    constante  ir al estado 83


Estado 122

   49 asignacion: variable ASIGNACION expresion PUNTOYCOMA .

    $default  reduce usando la regla 49 (asignacion)


Estado 123

   50 si: SI PARIZQ expresion . PARDER ENTONCES sentencia
   53   | SI PARIZQ expresion . PARDER ENTONCES sentencia @16 SINO $@17 sentencia
   64 expresion: expresion . OPBINARIO expresion
   65          | expresion . OPOR expresion
   66          | expresion . OPRELACIONAL expresion
   67          | expresion . SUMRES expresion
   68          | expresion . OPAND expresion
   69          | expresion . OPBINLISTA expresion
   70          | expresion . ARROBA expresion
   71          | expresion . ARROBA expresion MASMAS expresion

    OPOR          desplazar e ir al estado 115
    OPAND         desplazar e ir al estado 116
    OPRELACIONAL  desplazar e ir al estado 117
    SUMRES        desplazar e ir al estado 118
    OPBINARIO     desplazar e ir al estado 119
    OPBINLISTA    desplazar e ir al estado 120
    ARROBA        desplazar e ir al estado 121
    PARDER        desplazar e ir al estado 148


Estado 124

   37 sentencia: $@10 si PUNTOYCOMA $@11 .

    $default  reduce usando la regla 37 (sentencia)


Estado 125

   55 mientras: MIENTRAS PARIZQ expresion . PARDER $@18 sentencia PUNTOYCOMA
   64 expresion: expresion . OPBINARIO expresion
   65          | expresion . OPOR expresion
   66          | expresion . OPRELACIONAL expresion
   67          | expresion . SUMRES expresion
   68          | expresion . OPAND expresion
   69          | expresion . OPBINLISTA expresion
   70          | expresion . ARROBA expresion
   71          | expresion . ARROBA expresion MASMAS expresion

    OPOR          desplazar e ir al estado 115
    OPAND         desplazar e ir al estado 116
    OPRELACIONAL  desplazar e ir al estado 117
    SUMRES        desplazar e ir al estado 118
    OPBINARIO     desplazar e ir al estado 119
    OPBINLISTA    desplazar e ir al estado 120
    ARROBA        desplazar e ir al estado 121
    PARDER        desplazar e ir al estado 149


Estado 126

   78 lista_expresiones_cad: exp_cad COMA . lista_expresiones_cad

    error          desplazar e ir al estado 72
    SUMRES         desplazar e ir al estado 73
    OPUNARIO       desplazar e ir al estado 74
    CORIZQ         desplazar e ir al estado 75
    CONSTENTERA    desplazar e ir al estado 76
    CONSTLOGICA    desplazar e ir al estado 77
    CONSTREAL      desplazar e ir al estado 78
    CONSTCARACTER  desplazar e ir al estado 79
    CONSTCADENA    desplazar e ir al estado 90
    PARIZQ         desplazar e ir al estado 80
    IDENT          desplazar e ir al estado 25

    variable               ir al estado 81
    expresion              ir al estado 91
    lista_expresiones_cad  ir al estado 150
    exp_cad                ir al estado 93
    constante              ir al estado 83


Estado 127

   60 for: PARA variable DOSP . ASIGNACION expresion HASTA expresion HACER INICIO $@19 sentencia $@20 FIN PUNTOYCOMA

    ASIGNACION  desplazar e ir al estado 151


Estado 128

   28 parametro: lista_variables . DOSP tipo

    DOSP  desplazar e ir al estado 152


Estado 129

   23 cabecera_subprograma: PROCEDIMIENTO IDENT $@6 PARIZQ lista_parametros . PARDER $@7 PUNTOYCOMA

    PARDER  desplazar e ir al estado 153


Estado 130

   25 lista_parametros: parametro . PUNTOYCOMA lista_parametros
   26                 | parametro . error PUNTOYCOMA lista_parametros
   27                 | parametro .

    error       desplazar e ir al estado 154
    PUNTOYCOMA  desplazar e ir al estado 155

    PARDER  reduce usando la regla 27 (lista_parametros)


Estado 131

   20 declar_subprog: $@4 cabecera_subprograma $@5 INICIO sentencias FIN . PUNTOYCOMA

    PUNTOYCOMA  desplazar e ir al estado 156


Estado 132

   76 lista_expresiones: expresion COMA . lista_expresiones

    error          desplazar e ir al estado 72
    SUMRES         desplazar e ir al estado 73
    OPUNARIO       desplazar e ir al estado 74
    CORIZQ         desplazar e ir al estado 75
    CONSTENTERA    desplazar e ir al estado 76
    CONSTLOGICA    desplazar e ir al estado 77
    CONSTREAL      desplazar e ir al estado 78
    CONSTCARACTER  desplazar e ir al estado 79
    PARIZQ         desplazar e ir al estado 80
    IDENT          desplazar e ir al estado 25

    variable           ir al estado 81
    expresion          ir al estado 99
    lista_expresiones  ir al estado 157
    constante          ir al estado 83


Estado 133

   87 llamada_funcion: IDENT PARIZQ $@21 lista_expresiones PARDER . PUNTOYCOMA

    PUNTOYCOMA  desplazar e ir al estado 158


Estado 134

   74 expresion: CORIZQ agregado CORDER .

    $default  reduce usando la regla 74 (expresion)


Estado 135

   94 agregado_enteros: agregado_enteros COMA . CONSTENTERA

    CONSTENTERA  desplazar e ir al estado 159


Estado 136

   96 agregado_reales: agregado_reales COMA . CONSTREAL

    CONSTREAL  desplazar e ir al estado 160


Estado 137

   98 agregado_caracteres: agregado_caracteres COMA . CONSTCARACTER

    CONSTCARACTER  desplazar e ir al estado 161


Estado 138

  100 agregado_booleanos: agregado_booleanos COMA . CONSTLOGICA

    CONSTLOGICA  desplazar e ir al estado 162


Estado 139

  102 agregado_cadenas: agregado_cadenas COMA . CONSTCADENA

    CONSTCADENA  desplazar e ir al estado 163


Estado 140

   61 expresion: PARIZQ expresion PARDER .

    $default  reduce usando la regla 61 (expresion)


Estado 141

   64 expresion: expresion . OPBINARIO expresion
   65          | expresion . OPOR expresion
   65          | expresion OPOR expresion .
   66          | expresion . OPRELACIONAL expresion
   67          | expresion . SUMRES expresion
   68          | expresion . OPAND expresion
   69          | expresion . OPBINLISTA expresion
   70          | expresion . ARROBA expresion
   71          | expresion . ARROBA expresion MASMAS expresion

    OPAND         desplazar e ir al estado 116
    OPRELACIONAL  desplazar e ir al estado 117
    SUMRES        desplazar e ir al estado 118
    OPBINARIO     desplazar e ir al estado 119
    OPBINLISTA    desplazar e ir al estado 120
    ARROBA        desplazar e ir al estado 121

    $default  reduce usando la regla 65 (expresion)


Estado 142

   64 expresion: expresion . OPBINARIO expresion
   65          | expresion . OPOR expresion
   66          | expresion . OPRELACIONAL expresion
   67          | expresion . SUMRES expresion
   68          | expresion . OPAND expresion
   68          | expresion OPAND expresion .
   69          | expresion . OPBINLISTA expresion
   70          | expresion . ARROBA expresion
   71          | expresion . ARROBA expresion MASMAS expresion

    OPRELACIONAL  desplazar e ir al estado 117
    SUMRES        desplazar e ir al estado 118
    OPBINARIO     desplazar e ir al estado 119
    OPBINLISTA    desplazar e ir al estado 120
    ARROBA        desplazar e ir al estado 121

    $default  reduce usando la regla 68 (expresion)


Estado 143

   64 expresion: expresion . OPBINARIO expresion
   65          | expresion . OPOR expresion
   66          | expresion . OPRELACIONAL expresion
   66          | expresion OPRELACIONAL expresion .
   67          | expresion . SUMRES expresion
   68          | expresion . OPAND expresion
   69          | expresion . OPBINLISTA expresion
   70          | expresion . ARROBA expresion
   71          | expresion . ARROBA expresion MASMAS expresion

    SUMRES      desplazar e ir al estado 118
    OPBINARIO   desplazar e ir al estado 119
    OPBINLISTA  desplazar e ir al estado 120
    ARROBA      desplazar e ir al estado 121

    $default  reduce usando la regla 66 (expresion)


Estado 144

   64 expresion: expresion . OPBINARIO expresion
   65          | expresion . OPOR expresion
   66          | expresion . OPRELACIONAL expresion
   67          | expresion . SUMRES expresion
   67          | expresion SUMRES expresion .
   68          | expresion . OPAND expresion
   69          | expresion . OPBINLISTA expresion
   70          | expresion . ARROBA expresion
   71          | expresion . ARROBA expresion MASMAS expresion

    OPBINARIO   desplazar e ir al estado 119
    OPBINLISTA  desplazar e ir al estado 120
    ARROBA      desplazar e ir al estado 121

    $default  reduce usando la regla 67 (expresion)


Estado 145

   64 expresion: expresion . OPBINARIO expresion
   64          | expresion OPBINARIO expresion .
   65          | expresion . OPOR expresion
   66          | expresion . OPRELACIONAL expresion
   67          | expresion . SUMRES expresion
   68          | expresion . OPAND expresion
   69          | expresion . OPBINLISTA expresion
   70          | expresion . ARROBA expresion
   71          | expresion . ARROBA expresion MASMAS expresion

    OPBINLISTA  desplazar e ir al estado 120
    ARROBA      desplazar e ir al estado 121

    $default  reduce usando la regla 64 (expresion)


Estado 146

   64 expresion: expresion . OPBINARIO expresion
   65          | expresion . OPOR expresion
   66          | expresion . OPRELACIONAL expresion
   67          | expresion . SUMRES expresion
   68          | expresion . OPAND expresion
   69          | expresion . OPBINLISTA expresion
   69          | expresion OPBINLISTA expresion .
   70          | expresion . ARROBA expresion
   71          | expresion . ARROBA expresion MASMAS expresion

    ARROBA  desplazar e ir al estado 121

    $default  reduce usando la regla 69 (expresion)


Estado 147

   64 expresion: expresion . OPBINARIO expresion
   65          | expresion . OPOR expresion
   66          | expresion . OPRELACIONAL expresion
   67          | expresion . SUMRES expresion
   68          | expresion . OPAND expresion
   69          | expresion . OPBINLISTA expresion
   70          | expresion . ARROBA expresion
   70          | expresion ARROBA expresion .
   71          | expresion . ARROBA expresion MASMAS expresion
   71          | expresion ARROBA expresion . MASMAS expresion

    MASMAS  desplazar e ir al estado 164

    $default  reduce usando la regla 70 (expresion)


Estado 148

   50 si: SI PARIZQ expresion PARDER . ENTONCES sentencia
   53   | SI PARIZQ expresion PARDER . ENTONCES sentencia @16 SINO $@17 sentencia

    ENTONCES  desplazar e ir al estado 165


Estado 149

   55 mientras: MIENTRAS PARIZQ expresion PARDER . $@18 sentencia PUNTOYCOMA

    $default  reduce usando la regla 54 ($@18)

    $@18  ir al estado 166


Estado 150

   78 lista_expresiones_cad: exp_cad COMA lista_expresiones_cad .

    $default  reduce usando la regla 78 (lista_expresiones_cad)


Estado 151

   60 for: PARA variable DOSP ASIGNACION . expresion HASTA expresion HACER INICIO $@19 sentencia $@20 FIN PUNTOYCOMA

    error          desplazar e ir al estado 72
    SUMRES         desplazar e ir al estado 73
    OPUNARIO       desplazar e ir al estado 74
    CORIZQ         desplazar e ir al estado 75
    CONSTENTERA    desplazar e ir al estado 76
    CONSTLOGICA    desplazar e ir al estado 77
    CONSTREAL      desplazar e ir al estado 78
    CONSTCARACTER  desplazar e ir al estado 79
    PARIZQ         desplazar e ir al estado 80
    IDENT          desplazar e ir al estado 25

    variable   ir al estado 81
    expresion  ir al estado 167
    constante  ir al estado 83


Estado 152

   28 parametro: lista_variables DOSP . tipo

    error       desplazar e ir al estado 168
    TIPOBASICO  desplazar e ir al estado 13
    LISTA       desplazar e ir al estado 14

    tipo  ir al estado 169


Estado 153

   23 cabecera_subprograma: PROCEDIMIENTO IDENT $@6 PARIZQ lista_parametros PARDER . $@7 PUNTOYCOMA

    $default  reduce usando la regla 22 ($@7)

    $@7  ir al estado 170


Estado 154

   26 lista_parametros: parametro error . PUNTOYCOMA lista_parametros

    PUNTOYCOMA  desplazar e ir al estado 171


Estado 155

   25 lista_parametros: parametro PUNTOYCOMA . lista_parametros

    IDENT  desplazar e ir al estado 25

    lista_variables   ir al estado 128
    variable          ir al estado 27
    lista_parametros  ir al estado 172
    parametro         ir al estado 130


Estado 156

   20 declar_subprog: $@4 cabecera_subprograma $@5 INICIO sentencias FIN PUNTOYCOMA .

    $default  reduce usando la regla 20 (declar_subprog)


Estado 157

   76 lista_expresiones: expresion COMA lista_expresiones .

    $default  reduce usando la regla 76 (lista_expresiones)


Estado 158

   87 llamada_funcion: IDENT PARIZQ $@21 lista_expresiones PARDER PUNTOYCOMA .

    $default  reduce usando la regla 87 (llamada_funcion)


Estado 159

   94 agregado_enteros: agregado_enteros COMA CONSTENTERA .

    $default  reduce usando la regla 94 (agregado_enteros)


Estado 160

   96 agregado_reales: agregado_reales COMA CONSTREAL .

    $default  reduce usando la regla 96 (agregado_reales)


Estado 161

   98 agregado_caracteres: agregado_caracteres COMA CONSTCARACTER .

    $default  reduce usando la regla 98 (agregado_caracteres)


Estado 162

  100 agregado_booleanos: agregado_booleanos COMA CONSTLOGICA .

    $default  reduce usando la regla 100 (agregado_booleanos)


Estado 163

  102 agregado_cadenas: agregado_cadenas COMA CONSTCADENA .

    $default  reduce usando la regla 102 (agregado_cadenas)


Estado 164

   71 expresion: expresion ARROBA expresion MASMAS . expresion

    error          desplazar e ir al estado 72
    SUMRES         desplazar e ir al estado 73
    OPUNARIO       desplazar e ir al estado 74
    CORIZQ         desplazar e ir al estado 75
    CONSTENTERA    desplazar e ir al estado 76
    CONSTLOGICA    desplazar e ir al estado 77
    CONSTREAL      desplazar e ir al estado 78
    CONSTCARACTER  desplazar e ir al estado 79
    PARIZQ         desplazar e ir al estado 80
    IDENT          desplazar e ir al estado 25

    variable   ir al estado 81
    expresion  ir al estado 173
    constante  ir al estado 83


Estado 165

   50 si: SI PARIZQ expresion PARDER ENTONCES . sentencia
   53   | SI PARIZQ expresion PARDER ENTONCES . sentencia @16 SINO $@17 sentencia

    DOLAR  desplazar e ir al estado 31
    IDENT  desplazar e ir al estado 32

    SI        reduce usando la regla 35 ($@10)
    MIENTRAS  reduce usando la regla 38 ($@12)
    LEER      reduce usando la regla 40 ($@13)
    ESCRIBIR  reduce usando la regla 42 ($@14)
    PARA      reduce usando la regla 44 ($@15)
    $default  reduce usando la regla 32 ($@9)

    variable         ir al estado 33
    sentencia        ir al estado 174
    $@9              ir al estado 35
    $@10             ir al estado 36
    $@12             ir al estado 37
    $@13             ir al estado 38
    $@14             ir al estado 39
    $@15             ir al estado 40
    asignacion       ir al estado 41
    llamada_funcion  ir al estado 42


Estado 166

   55 mientras: MIENTRAS PARIZQ expresion PARDER $@18 . sentencia PUNTOYCOMA

    DOLAR  desplazar e ir al estado 31
    IDENT  desplazar e ir al estado 32

    SI        reduce usando la regla 35 ($@10)
    MIENTRAS  reduce usando la regla 38 ($@12)
    LEER      reduce usando la regla 40 ($@13)
    ESCRIBIR  reduce usando la regla 42 ($@14)
    PARA      reduce usando la regla 44 ($@15)
    $default  reduce usando la regla 32 ($@9)

    variable         ir al estado 33
    sentencia        ir al estado 175
    $@9              ir al estado 35
    $@10             ir al estado 36
    $@12             ir al estado 37
    $@13             ir al estado 38
    $@14             ir al estado 39
    $@15             ir al estado 40
    asignacion       ir al estado 41
    llamada_funcion  ir al estado 42


Estado 167

   60 for: PARA variable DOSP ASIGNACION expresion . HASTA expresion HACER INICIO $@19 sentencia $@20 FIN PUNTOYCOMA
   64 expresion: expresion . OPBINARIO expresion
   65          | expresion . OPOR expresion
   66          | expresion . OPRELACIONAL expresion
   67          | expresion . SUMRES expresion
   68          | expresion . OPAND expresion
   69          | expresion . OPBINLISTA expresion
   70          | expresion . ARROBA expresion
   71          | expresion . ARROBA expresion MASMAS expresion

    OPOR          desplazar e ir al estado 115
    OPAND         desplazar e ir al estado 116
    OPRELACIONAL  desplazar e ir al estado 117
    SUMRES        desplazar e ir al estado 118
    OPBINARIO     desplazar e ir al estado 119
    OPBINLISTA    desplazar e ir al estado 120
    ARROBA        desplazar e ir al estado 121
    HASTA         desplazar e ir al estado 176


Estado 168

  106 tipo: error .

    $default  reduce usando la regla 106 (tipo)


Estado 169

   28 parametro: lista_variables DOSP tipo .

    $default  reduce usando la regla 28 (parametro)


Estado 170

   23 cabecera_subprograma: PROCEDIMIENTO IDENT $@6 PARIZQ lista_parametros PARDER $@7 . PUNTOYCOMA

    PUNTOYCOMA  desplazar e ir al estado 177


Estado 171

   26 lista_parametros: parametro error PUNTOYCOMA . lista_parametros

    IDENT  desplazar e ir al estado 25

    lista_variables   ir al estado 128
    variable          ir al estado 27
    lista_parametros  ir al estado 178
    parametro         ir al estado 130


Estado 172

   25 lista_parametros: parametro PUNTOYCOMA lista_parametros .

    $default  reduce usando la regla 25 (lista_parametros)


Estado 173

   64 expresion: expresion . OPBINARIO expresion
   65          | expresion . OPOR expresion
   66          | expresion . OPRELACIONAL expresion
   67          | expresion . SUMRES expresion
   68          | expresion . OPAND expresion
   69          | expresion . OPBINLISTA expresion
   70          | expresion . ARROBA expresion
   71          | expresion . ARROBA expresion MASMAS expresion
   71          | expresion ARROBA expresion MASMAS expresion .

    $default  reduce usando la regla 71 (expresion)


Estado 174

   50 si: SI PARIZQ expresion PARDER ENTONCES sentencia .
   53   | SI PARIZQ expresion PARDER ENTONCES sentencia . @16 SINO $@17 sentencia

    SINO      reduce usando la regla 51 (@16)
    $default  reduce usando la regla 50 (si)

    @16  ir al estado 179


Estado 175

   55 mientras: MIENTRAS PARIZQ expresion PARDER $@18 sentencia . PUNTOYCOMA

    PUNTOYCOMA  desplazar e ir al estado 180


Estado 176

   60 for: PARA variable DOSP ASIGNACION expresion HASTA . expresion HACER INICIO $@19 sentencia $@20 FIN PUNTOYCOMA

    error          desplazar e ir al estado 72
    SUMRES         desplazar e ir al estado 73
    OPUNARIO       desplazar e ir al estado 74
    CORIZQ         desplazar e ir al estado 75
    CONSTENTERA    desplazar e ir al estado 76
    CONSTLOGICA    desplazar e ir al estado 77
    CONSTREAL      desplazar e ir al estado 78
    CONSTCARACTER  desplazar e ir al estado 79
    PARIZQ         desplazar e ir al estado 80
    IDENT          desplazar e ir al estado 25

    variable   ir al estado 81
    expresion  ir al estado 181
    constante  ir al estado 83


Estado 177

   23 cabecera_subprograma: PROCEDIMIENTO IDENT $@6 PARIZQ lista_parametros PARDER $@7 PUNTOYCOMA .

    $default  reduce usando la regla 23 (cabecera_subprograma)


Estado 178

   26 lista_parametros: parametro error PUNTOYCOMA lista_parametros .

    $default  reduce usando la regla 26 (lista_parametros)


Estado 179

   53 si: SI PARIZQ expresion PARDER ENTONCES sentencia @16 . SINO $@17 sentencia

    SINO  desplazar e ir al estado 182


Estado 180

   55 mientras: MIENTRAS PARIZQ expresion PARDER $@18 sentencia PUNTOYCOMA .

    $default  reduce usando la regla 55 (mientras)


Estado 181

   60 for: PARA variable DOSP ASIGNACION expresion HASTA expresion . HACER INICIO $@19 sentencia $@20 FIN PUNTOYCOMA
   64 expresion: expresion . OPBINARIO expresion
   65          | expresion . OPOR expresion
   66          | expresion . OPRELACIONAL expresion
   67          | expresion . SUMRES expresion
   68          | expresion . OPAND expresion
   69          | expresion . OPBINLISTA expresion
   70          | expresion . ARROBA expresion
   71          | expresion . ARROBA expresion MASMAS expresion

    OPOR          desplazar e ir al estado 115
    OPAND         desplazar e ir al estado 116
    OPRELACIONAL  desplazar e ir al estado 117
    SUMRES        desplazar e ir al estado 118
    OPBINARIO     desplazar e ir al estado 119
    OPBINLISTA    desplazar e ir al estado 120
    ARROBA        desplazar e ir al estado 121
    HACER         desplazar e ir al estado 183


Estado 182

   53 si: SI PARIZQ expresion PARDER ENTONCES sentencia @16 SINO . $@17 sentencia

    $default  reduce usando la regla 52 ($@17)

    $@17  ir al estado 184


Estado 183

   60 for: PARA variable DOSP ASIGNACION expresion HASTA expresion HACER . INICIO $@19 sentencia $@20 FIN PUNTOYCOMA

    INICIO  desplazar e ir al estado 185


Estado 184

   53 si: SI PARIZQ expresion PARDER ENTONCES sentencia @16 SINO $@17 . sentencia

    DOLAR  desplazar e ir al estado 31
    IDENT  desplazar e ir al estado 32

    SI        reduce usando la regla 35 ($@10)
    MIENTRAS  reduce usando la regla 38 ($@12)
    LEER      reduce usando la regla 40 ($@13)
    ESCRIBIR  reduce usando la regla 42 ($@14)
    PARA      reduce usando la regla 44 ($@15)
    $default  reduce usando la regla 32 ($@9)

    variable         ir al estado 33
    sentencia        ir al estado 186
    $@9              ir al estado 35
    $@10             ir al estado 36
    $@12             ir al estado 37
    $@13             ir al estado 38
    $@14             ir al estado 39
    $@15             ir al estado 40
    asignacion       ir al estado 41
    llamada_funcion  ir al estado 42


Estado 185

   60 for: PARA variable DOSP ASIGNACION expresion HASTA expresion HACER INICIO . $@19 sentencia $@20 FIN PUNTOYCOMA

    $default  reduce usando la regla 58 ($@19)

    $@19  ir al estado 187


Estado 186

   53 si: SI PARIZQ expresion PARDER ENTONCES sentencia @16 SINO $@17 sentencia .

    $default  reduce usando la regla 53 (si)


Estado 187

   60 for: PARA variable DOSP ASIGNACION expresion HASTA expresion HACER INICIO $@19 . sentencia $@20 FIN PUNTOYCOMA

    DOLAR  desplazar e ir al estado 31
    IDENT  desplazar e ir al estado 32

    SI        reduce usando la regla 35 ($@10)
    MIENTRAS  reduce usando la regla 38 ($@12)
    LEER      reduce usando la regla 40 ($@13)
    ESCRIBIR  reduce usando la regla 42 ($@14)
    PARA      reduce usando la regla 44 ($@15)
    $default  reduce usando la regla 32 ($@9)

    variable         ir al estado 33
    sentencia        ir al estado 188
    $@9              ir al estado 35
    $@10             ir al estado 36
    $@12             ir al estado 37
    $@13             ir al estado 38
    $@14             ir al estado 39
    $@15             ir al estado 40
    asignacion       ir al estado 41
    llamada_funcion  ir al estado 42


Estado 188

   60 for: PARA variable DOSP ASIGNACION expresion HASTA expresion HACER INICIO $@19 sentencia . $@20 FIN PUNTOYCOMA

    $default  reduce usando la regla 59 ($@20)

    $@20  ir al estado 189


Estado 189

   60 for: PARA variable DOSP ASIGNACION expresion HASTA expresion HACER INICIO $@19 sentencia $@20 . FIN PUNTOYCOMA

    FIN  desplazar e ir al estado 190


Estado 190

   60 for: PARA variable DOSP ASIGNACION expresion HASTA expresion HACER INICIO $@19 sentencia $@20 FIN . PUNTOYCOMA

    PUNTOYCOMA  desplazar e ir al estado 191


Estado 191

   60 for: PARA variable DOSP ASIGNACION expresion HASTA expresion HACER INICIO $@19 sentencia $@20 FIN PUNTOYCOMA .

    $default  reduce usando la regla 60 (for)
